0 info it worked if it ends with ok
1 verbose cli [ '/Users/potsidesa/.nvm/versions/node/v8.9.4/bin/node',
1 verbose cli   '/Users/potsidesa/.nvm/versions/node/v8.9.4/bin/npm',
1 verbose cli   'run',
1 verbose cli   'start' ]
2 info using npm@3.10.10
3 info using node@v8.9.4
4 verbose run-script [ 'prestart', 'start', 'poststart' ]
5 info lifecycle @peckhamcc/server@1.0.0~prestart: @peckhamcc/server@1.0.0
6 silly lifecycle @peckhamcc/server@1.0.0~prestart: no script for prestart, continuing
7 info lifecycle @peckhamcc/server@1.0.0~start: @peckhamcc/server@1.0.0
8 verbose lifecycle @peckhamcc/server@1.0.0~start: unsafe-perm in lifecycle true
9 verbose lifecycle @peckhamcc/server@1.0.0~start: PATH: /Users/potsidesa/.nvm/versions/node/v8.9.4/lib/node_modules/npm/bin/node-gyp-bin:/Users/potsidesa/Documents/Workspaces/peckhamcc/www/packages/server/node_modules/.bin:/Users/potsidesa/Documents/Workspaces/peckhamcc/www/packages/server/node_modules/.bin:/Users/potsidesa/Documents/Workspaces/peckhamcc/www/packages/node_modules/.bin:/Users/potsidesa/Documents/Workspaces/peckhamcc/www/node_modules/.bin:/Users/potsidesa/Documents/Workspaces/peckhamcc/node_modules/.bin:/Users/potsidesa/Documents/Workspaces/node_modules/.bin:/Users/potsidesa/Documents/node_modules/.bin:/Users/potsidesa/node_modules/.bin:/Users/node_modules/.bin:/node_modules/.bin:/Users/potsidesa/.nvm/versions/node/v8.9.4/bin:/Users/potsidesa/.nvm/versions/node/v8.9.4/lib/node_modules/npm/bin/node-gyp-bin:/Users/potsidesa/Documents/Workspaces/peckhamcc/www/node_modules/.bin:/Users/potsidesa/.nvm/versions/node/v8.9.4/bin:/Users/potsidesa/.cargo/bin:/Users/potsidesa/.cargo/bin:/opt/mendeley/desktop/Qt/4.8.7/bin:/Users/potsidesa/.rvm/gems/ruby-2.2.2/bin:/Users/potsidesa/.rvm/gems/ruby-2.2.2@global/bin:/Users/potsidesa/.rvm/rubies/ruby-2.2.2/bin:/usr/local/bin:/usr/bin:/bin:/usr/sbin:/sbin:/opt/X11/bin:/Users/potsidesa/.rvm/bin:/usr/local/connectiq-sdk/bin
10 verbose lifecycle @peckhamcc/server@1.0.0~start: CWD: /Users/potsidesa/Documents/Workspaces/peckhamcc/www/packages/server
11 silly lifecycle @peckhamcc/server@1.0.0~start: Args: [ '-c', 'node server' ]
12 silly lifecycle @peckhamcc/server@1.0.0~start: Returned: code: 1  signal: null
13 info lifecycle @peckhamcc/server@1.0.0~start: Failed to exec start script
14 verbose stack Error: @peckhamcc/server@1.0.0 start: `node server`
14 verbose stack Exit status 1
14 verbose stack     at EventEmitter.<anonymous> (/Users/potsidesa/.nvm/versions/node/v8.9.4/lib/node_modules/npm/lib/utils/lifecycle.js:255:16)
14 verbose stack     at emitTwo (events.js:126:13)
14 verbose stack     at EventEmitter.emit (events.js:214:7)
14 verbose stack     at ChildProcess.<anonymous> (/Users/potsidesa/.nvm/versions/node/v8.9.4/lib/node_modules/npm/lib/utils/spawn.js:40:14)
14 verbose stack     at emitTwo (events.js:126:13)
14 verbose stack     at ChildProcess.emit (events.js:214:7)
14 verbose stack     at maybeClose (internal/child_process.js:925:16)
14 verbose stack     at Process.ChildProcess._handle.onexit (internal/child_process.js:209:5)
15 verbose pkgid @peckhamcc/server@1.0.0
16 verbose cwd /Users/potsidesa/Documents/Workspaces/peckhamcc/www/packages/server
17 error Darwin 16.6.0
18 error argv "/Users/potsidesa/.nvm/versions/node/v8.9.4/bin/node" "/Users/potsidesa/.nvm/versions/node/v8.9.4/bin/npm" "run" "start"
19 error node v8.9.4
20 error npm  v3.10.10
21 error code ELIFECYCLE
22 error @peckhamcc/server@1.0.0 start: `node server`
22 error Exit status 1
23 error Failed at the @peckhamcc/server@1.0.0 start script 'node server'.
23 error Make sure you have the latest version of node.js and npm installed.
23 error If you do, this is most likely a problem with the @peckhamcc/server package,
23 error not with npm itself.
23 error Tell the author that this fails on your system:
23 error     node server
23 error You can get information on how to open an issue for this project with:
23 error     npm bugs @peckhamcc/server
23 error Or if that isn't available, you can get their info via:
23 error     npm owner ls @peckhamcc/server
23 error There is likely additional logging output above.
24 verbose exit [ 1, true ]
